(0000) 39C4  0011100111000100 (   4)                 .ORIG x39C4
(39C4) 1DBA  0001110110111010 (   8) GetMatrix       ADD   R6 R6 #-6
(39C5) 7380  0111001110000000 (  11)                 STR   R1 R6 #0
(39C6) 7581  0111010110000001 (  12)                 STR   R2 R6 #1
(39C7) 7782  0111011110000010 (  13)                 STR   R3 R6 #2
(39C8) 7983  0111100110000011 (  14)                 STR   R4 R6 #3
(39C9) 7B84  0111101110000100 (  15)                 STR   R5 R6 #4
(39CA) 7F85  0111111110000101 (  16)                 STR   R7 R6 #5
(39CB) 6786  0110011110000110 (  18)                 LDR   R3 R6 #6
(39CC) 6987  0110100110000111 (  19)                 LDR   R4 R6 #7
(39CD) 79BE  0111100110111110 (  28)                 STR   R4 R6 #-2
(39CE) 79BF  0111100110111111 (  29)                 STR   R4 R6 #-1
(39CF) 1DBE  0001110110111110 (  30)                 ADD   R6 R6 #-2
(39D0) 2A1F  0010101000011111 (  31)                 LD    R5 GetMatrix_Mul
(39D1) 4140  0100000101000000 (  32)                 JSRR  R5
(39D2) 1DA2  0001110110100010 (  33)                 ADD   R6 R6 #2
(39D3) 1820  0001100000100000 (  35)                 ADD   R4 R0 #0
(39D4) 5260  0101001001100000 (  36)                 AND   R1 R1 #0
(39D5) 2A19  0010101000011001 (  40) GetMatrixLoop   LD    R5 GetMatrix_GetNum
(39D6) 4140  0100000101000000 (  41)                 JSRR  R5
(39D7) 1020  0001000000100000 (  42)                 ADD   R0 R0 #0
(39D8) 0803  0000100000000011 (  43)                 BRN   GetMatrixIllegalNum
(39D9) 0403  0000010000000011 (  44)                 BRZ   GetMatrixSkip
(39DA) 143F  0001010000111111 (  46)                 ADD   R2 R0 #-1
(39DB) 0401  0000010000000001 (  47)                 BRZ   GetMatrixSkip
(39DC) 1261  0001001001100001 (  50) GetMatrixIllegalNum ADD   R1 R1 #1
(39DD) 70C0  0111000011000000 (  53) GetMatrixSkip   STR   R0 R3 #0
(39DE) 16E1  0001011011100001 (  54)                 ADD   R3 R3 #1
(39DF) 193F  0001100100111111 (  55)                 ADD   R4 R4 #-1
(39E0) 0401  0000010000000001 (  56)                 BRZ   TheMatrixIsFull
(39E1) 0FF3  0000111111110011 (  57)                 BRNZP GetMatrixLoop
(39E2) 5020  0101000000100000 (  62) TheMatrixIsFull AND   R0 R0 #0
(39E3) 1260  0001001001100000 (  63)                 ADD   R1 R1 #0
(39E4) 0402  0000010000000010 (  64)                 BRZ   FinishGetMatrix
(39E5) 1021  0001000000100001 (  65)                 ADD   R0 R0 #1
(39E6) 0E00  0000111000000000 (  66)                 BRNZP FinishGetMatrix
(39E7) 6F85  0110111110000101 (  70) FinishGetMatrix LDR   R7 R6 #5
(39E8) 6B84  0110101110000100 (  71)                 LDR   R5 R6 #4
(39E9) 6983  0110100110000011 (  72)                 LDR   R4 R6 #3
(39EA) 6782  0110011110000010 (  73)                 LDR   R3 R6 #2
(39EB) 6581  0110010110000001 (  74)                 LDR   R2 R6 #1
(39EC) 6380  0110001110000000 (  75)                 LDR   R1 R6 #0
(39ED) 1DA6  0001110110100110 (  78)                 ADD   R6 R6 #6
(39EE) C1C0  1100000111000000 (  80)                 RET   
(39EF) 38FC  0011100011111100 (  82) GetMatrix_GetNum .FILL x38FC
(39F0) 3898  0011100010011000 (  83) GetMatrix_Mul   .FILL x3898
