(0000) 38FC  0011100011111100 (   4)                 .ORIG x38FC
(38FC) 1DBA  0001110110111010 (   8) GetNum          ADD   R6 R6 #-6
(38FD) 7380  0111001110000000 (  11)                 STR   R1 R6 #0
(38FE) 7581  0111010110000001 (  12)                 STR   R2 R6 #1
(38FF) 7782  0111011110000010 (  13)                 STR   R3 R6 #2
(3900) 7983  0111100110000011 (  14)                 STR   R4 R6 #3
(3901) 7B84  0111101110000100 (  15)                 STR   R5 R6 #4
(3902) 7F85  0111111110000101 (  16)                 STR   R7 R6 #5
(3903) 5B60  0101101101100000 (  23) Start           AND   R5 R5 #0
(3904) 5260  0101001001100000 (  24)                 AND   R1 R1 #0
(3905) 54A0  0101010010100000 (  25)                 AND   R2 R2 #0
(3906) F020  1111000000100000 (  28) ENTERING        TRAP  x20
(3907) F021  1111000000100001 (  29)                 TRAP  x21
(3908) 1036  0001000000110110 (  34)                 ADD   R0 R0 #-10
(3909) 0427  0000010000100111 (  35)                 BRZ   FinishGetNum
(390A) 102A  0001000000101010 (  37)                 ADD   R0 R0 #10
(390B) 2834  0010100000110100 (  40)                 LD    R4 GetNum_MinusSpaceAscii
(390C) 1004  0001000000000100 (  41)                 ADD   R0 R0 R4
(390D) 0423  0000010000100011 (  42)                 BRZ   FinishGetNum
(390E) 2830  0010100000110000 (  44)                 LD    R4 GetNum_SpaceAscii
(390F) 1004  0001000000000100 (  45)                 ADD   R0 R0 R4
(3910) 282D  0010100000101101 (  50)                 LD    R4 GetNum_MinusSubSignAscii
(3911) 1004  0001000000000100 (  51)                 ADD   R0 R0 R4
(3912) 0202  0000001000000010 (  53)                 BRP   NotMinusSign
(3913) 1261  0001001001100001 (  54)                 ADD   R1 R1 #1
(3914) 0FF1  0000111111110001 (  55)                 BRNZP ENTERING
(3915) 2827  0010100000100111 (  61) NotMinusSign    LD    R4 GetNum_SubSignAscii
(3916) 1004  0001000000000100 (  62)                 ADD   R0 R0 R4
(3917) 2824  0010100000100100 (  64)                 LD    R4 GetNum_MinusZeroAscii
(3918) 1004  0001000000000100 (  65)                 ADD   R0 R0 R4
(3919) 1B61  0001101101100001 (  67)                 ADD   R5 R5 #1
(391A) 5241  0101001001000001 (  72) CheckTheSign    AND   R1 R1 R1
(391B) 0201  0000001000000001 (  73)                 BRP   NegNum
(391C) 040B  0000010000001011 (  74)                 BRZ   PosNum
(391D) 56E0  0101011011100000 (  78) NegNum          AND   R3 R3 #0
(391E) 16E9  0001011011101001 (  79)                 ADD   R3 R3 #9
(391F) 5920  0101100100100000 (  80)                 AND   R4 R4 #0
(3920) 18A0  0001100010100000 (  81)                 ADD   R4 R2 #0
(3921) 1502  0001010100000010 (  84) LoopForNeg      ADD   R2 R4 R2
(3922) 16FF  0001011011111111 (  85)                 ADD   R3 R3 #-1
(3923) 03FD  0000001111111101 (  86)                 BRP   LoopForNeg
(3924) 903F  1001000000111111 (  88)                 NOT   R0 R0
(3925) 1021  0001000000100001 (  89)                 ADD   R0 R0 #1
(3926) 1480  0001010010000000 (  90)                 ADD   R2 R2 R0
(3927) 0FDE  0000111111011110 (  92)                 BRNZP ENTERING
(3928) 56E0  0101011011100000 (  96) PosNum          AND   R3 R3 #0
(3929) 16E9  0001011011101001 (  97)                 ADD   R3 R3 #9
(392A) 5920  0101100100100000 (  98)                 AND   R4 R4 #0
(392B) 18A0  0001100010100000 (  99)                 ADD   R4 R2 #0
(392C) 1502  0001010100000010 ( 102) LoopForPos      ADD   R2 R4 R2
(392D) 16FF  0001011011111111 ( 103)                 ADD   R3 R3 #-1
(392E) 03FD  0000001111111101 ( 104)                 BRP   LoopForPos
(392F) 1480  0001010010000000 ( 105)                 ADD   R2 R2 R0
(3930) 0FD5  0000111111010101 ( 107)                 BRNZP ENTERING
(3931) 1B60  0001101101100000 ( 112) FinishGetNum    ADD   R5 R5 #0
(3932) 05D0  0000010111010000 ( 113)                 BRZ   Start
(3933) 10A0  0001000010100000 ( 116)                 ADD   R0 R2 #0
(3934) 6F85  0110111110000101 ( 119)                 LDR   R7 R6 #5
(3935) 6B84  0110101110000100 ( 120)                 LDR   R5 R6 #4
(3936) 6983  0110100110000011 ( 121)                 LDR   R4 R6 #3
(3937) 6782  0110011110000010 ( 122)                 LDR   R3 R6 #2
(3938) 6581  0110010110000001 ( 123)                 LDR   R2 R6 #1
(3939) 6380  0110001110000000 ( 124)                 LDR   R1 R6 #0
(393A) 1DA6  0001110110100110 ( 127)                 ADD   R6 R6 #6
(393B) C1C0  1100000111000000 ( 129)                 RET   
(393C) FFD0  1111111111010000 ( 131) GetNum_MinusZeroAscii .FILL xFFD0
(393D) 002D  0000000000101101 ( 132) GetNum_SubSignAscii .FILL x002D
(393E) FFD3  1111111111010011 ( 133) GetNum_MinusSubSignAscii .FILL xFFD3
(393F) 0020  0000000000100000 ( 134) GetNum_SpaceAscii .FILL x0020
(3940) FFE0  1111111111100000 ( 135) GetNum_MinusSpaceAscii .FILL xFFE0
