(0000) 3898  0011100010011000 (   4)                 .ORIG x3898
(3898) 1DBC  0001110110111100 (   8) Mul             ADD   R6 R6 #-4
(3899) 7380  0111001110000000 (  11)                 STR   R1 R6 #0
(389A) 7581  0111010110000001 (  12)                 STR   R2 R6 #1
(389B) 7782  0111011110000010 (  13)                 STR   R3 R6 #2
(389C) 7F83  0111111110000011 (  14)                 STR   R7 R6 #3
(389D) 6384  0110001110000100 (  16)                 LDR   R1 R6 #4
(389E) 6585  0110010110000101 (  17)                 LDR   R2 R6 #5
(389F) 56E0  0101011011100000 (  23)                 AND   R3 R3 #0
(38A0) 1260  0001001001100000 (  24)                 ADD   R1 R1 #0
(38A1) 0420  0000010000100000 (  25)                 BRZ   FinishMul
(38A2) 14A0  0001010010100000 (  26)                 ADD   R2 R2 #0
(38A3) 041E  0000010000011110 (  27)                 BRZ   FinishMul
(38A4) 0201  0000001000000001 (  28)                 BRP   R2isPos
(38A5) 0805  0000100000000101 (  29)                 BRN   R2isNeg
(38A6) 1260  0001001001100000 (  32) R2isPos         ADD   R1 R1 #0
(38A7) 0215  0000001000010101 (  33)                 BRP   MulTwoPos
(38A8) 927F  1001001001111111 (  35)                 NOT   R1 R1
(38A9) 1261  0001001001100001 (  36)                 ADD   R1 R1 #1
(38AA) 0E0A  0000111000001010 (  37)                 BRNZP MulOnePosOneNeg
(38AB) 1260  0001001001100000 (  40) R2isNeg         ADD   R1 R1 #0
(38AC) 0803  0000100000000011 (  41)                 BRN   MulTwoNeg
(38AD) 94BF  1001010010111111 (  43)                 NOT   R2 R2
(38AE) 14A1  0001010010100001 (  44)                 ADD   R2 R2 #1
(38AF) 0E05  0000111000000101 (  45)                 BRNZP MulOnePosOneNeg
(38B0) 927F  1001001001111111 (  49) MulTwoNeg       NOT   R1 R1
(38B1) 1261  0001001001100001 (  50)                 ADD   R1 R1 #1
(38B2) 94BF  1001010010111111 (  51)                 NOT   R2 R2
(38B3) 14A1  0001010010100001 (  52)                 ADD   R2 R2 #1
(38B4) 0E08  0000111000001000 (  53)                 BRNZP MulTwoPos
(38B5) 14A0  0001010010100000 (  59) MulOnePosOneNeg ADD   R2 R2 #0
(38B6) 0403  0000010000000011 (  60)                 BRZ   ChangeR3toNeg
(38B7) 16C1  0001011011000001 (  61)                 ADD   R3 R3 R1
(38B8) 14BF  0001010010111111 (  62)                 ADD   R2 R2 #-1
(38B9) 0FFB  0000111111111011 (  63)                 BRNZP MulOnePosOneNeg
(38BA) 96FF  1001011011111111 (  66) ChangeR3toNeg   NOT   R3 R3
(38BB) 16E1  0001011011100001 (  67)                 ADD   R3 R3 #1
(38BC) 0E05  0000111000000101 (  68)                 BRNZP FinishMul
(38BD) 14A0  0001010010100000 (  73) MulTwoPos       ADD   R2 R2 #0
(38BE) 0403  0000010000000011 (  74)                 BRZ   FinishMul
(38BF) 16C1  0001011011000001 (  75)                 ADD   R3 R3 R1
(38C0) 14BF  0001010010111111 (  76)                 ADD   R2 R2 #-1
(38C1) 0FFB  0000111111111011 (  77)                 BRNZP MulTwoPos
(38C2) 10E0  0001000011100000 (  81) FinishMul       ADD   R0 R3 #0
(38C3) 6F83  0110111110000011 (  84)                 LDR   R7 R6 #3
(38C4) 6782  0110011110000010 (  85)                 LDR   R3 R6 #2
(38C5) 6581  0110010110000001 (  86)                 LDR   R2 R6 #1
(38C6) 6380  0110001110000000 (  87)                 LDR   R1 R6 #0
(38C7) 1DA4  0001110110100100 (  90)                 ADD   R6 R6 #4
(38C8) C1C0  1100000111000000 (  92)                 RET   
