(0000) 3C80  0011110010000000 (   4)                 .ORIG x3C80
(3C80) 1DBB  0001110110111011 (   8) Solve           ADD   R6 R6 #-5
(3C81) 7380  0111001110000000 (  11)                 STR   R1 R6 #0
(3C82) 7581  0111010110000001 (  12)                 STR   R2 R6 #1
(3C83) 7782  0111011110000010 (  13)                 STR   R3 R6 #2
(3C84) 7983  0111100110000011 (  14)                 STR   R4 R6 #3
(3C85) 7F84  0111111110000100 (  15)                 STR   R7 R6 #4
(3C86) 6785  0110011110000101 (  17)                 LDR   R3 R6 #5
(3C87) 6986  0110100110000110 (  18)                 LDR   R4 R6 #6
(3C88) 5260  0101001001100000 (  24)                 AND   R1 R1 #0
(3C89) 54A0  0101010010100000 (  25)                 AND   R2 R2 #0
(3C8A) 77BC  0111011110111100 (  29)                 STR   R3 R6 #-4
(3C8B) 79BD  0111100110111101 (  30)                 STR   R4 R6 #-3
(3C8C) 73BE  0111001110111110 (  31)                 STR   R1 R6 #-2
(3C8D) 75BF  0111010110111111 (  32)                 STR   R2 R6 #-1
(3C8E) 1DBC  0001110110111100 (  33)                 ADD   R6 R6 #-4
(3C8F) 4893  0100100010010011 (  34)                 JSR   SolveMaze
(3C90) 1DA4  0001110110100100 (  35)                 ADD   R6 R6 #4
(3C91) 1020  0001000000100000 (  41)                 ADD   R0 R0 #0
(3C92) 0207  0000001000000111 (  42)                 BRP   PrintedASolution
(3C93) 080B  0000100000001011 (  43)                 BRN   FinishSolve
(3C94) E05A  1110000001011010 (  44)                 LEA   R0 MSG6
(3C95) F022  1111000000100010 (  45)                 TRAP  x22
(3C96) 5020  0101000000100000 (  47)                 AND   R0 R0 #0
(3C97) 102A  0001000000101010 (  48)                 ADD   R0 R0 #10
(3C98) F021  1111000000100001 (  49)                 TRAP  x21
(3C99) 0E05  0000111000000101 (  50)                 BRNZP FinishSolve
(3C9A) E00B  1110000000001011 (  55) PrintedASolution LEA   R0 MSG5
(3C9B) F022  1111000000100010 (  56)                 TRAP  x22
(3C9C) 5020  0101000000100000 (  58)                 AND   R0 R0 #0
(3C9D) 102A  0001000000101010 (  59)                 ADD   R0 R0 #10
(3C9E) F021  1111000000100001 (  60)                 TRAP  x21
(3C9F) 6F84  0110111110000100 (  65) FinishSolve     LDR   R7 R6 #4
(3CA0) 6983  0110100110000011 (  66)                 LDR   R4 R6 #3
(3CA1) 6782  0110011110000010 (  67)                 LDR   R3 R6 #2
(3CA2) 6581  0110010110000001 (  68)                 LDR   R2 R6 #1
(3CA3) 6380  0110001110000000 (  69)                 LDR   R1 R6 #0
(3CA4) 1DA5  0001110110100101 (  72)                 ADD   R6 R6 #5
(3CA5) C1C0  1100000111000000 (  74)                 RET   
(3CA6) 004F  0000000001001111 (  76) MSG5            .FILL x004F
(3CA7) 0048  0000000001001000 (  76)                 .FILL x0048
(3CA8) 0020  0000000000100000 (  76)                 .FILL x0020
(3CA9) 004E  0000000001001110 (  76)                 .FILL x004E
(3CAA) 004F  0000000001001111 (  76)                 .FILL x004F
(3CAB) 0021  0000000000100001 (  76)                 .FILL x0021
(3CAC) 0020  0000000000100000 (  76)                 .FILL x0020
(3CAD) 0049  0000000001001001 (  76)                 .FILL x0049
(3CAE) 0074  0000000001110100 (  76)                 .FILL x0074
(3CAF) 0020  0000000000100000 (  76)                 .FILL x0020
(3CB0) 0073  0000000001110011 (  76)                 .FILL x0073
(3CB1) 0065  0000000001100101 (  76)                 .FILL x0065
(3CB2) 0065  0000000001100101 (  76)                 .FILL x0065
(3CB3) 006D  0000000001101101 (  76)                 .FILL x006D
(3CB4) 0073  0000000001110011 (  76)                 .FILL x0073
(3CB5) 0020  0000000000100000 (  76)                 .FILL x0020
(3CB6) 0074  0000000001110100 (  76)                 .FILL x0074
(3CB7) 0068  0000000001101000 (  76)                 .FILL x0068
(3CB8) 0065  0000000001100101 (  76)                 .FILL x0065
(3CB9) 0020  0000000000100000 (  76)                 .FILL x0020
(3CBA) 006D  0000000001101101 (  76)                 .FILL x006D
(3CBB) 006F  0000000001101111 (  76)                 .FILL x006F
(3CBC) 0075  0000000001110101 (  76)                 .FILL x0075
(3CBD) 0073  0000000001110011 (  76)                 .FILL x0073
(3CBE) 0065  0000000001100101 (  76)                 .FILL x0065
(3CBF) 0020  0000000000100000 (  76)                 .FILL x0020
(3CC0) 0063  0000000001100011 (  76)                 .FILL x0063
(3CC1) 006F  0000000001101111 (  76)                 .FILL x006F
(3CC2) 0075  0000000001110101 (  76)                 .FILL x0075
(3CC3) 006C  0000000001101100 (  76)                 .FILL x006C
(3CC4) 0064  0000000001100100 (  76)                 .FILL x0064
(3CC5) 0020  0000000000100000 (  76)                 .FILL x0020
(3CC6) 006E  0000000001101110 (  76)                 .FILL x006E
(3CC7) 006F  0000000001101111 (  76)                 .FILL x006F
(3CC8) 0074  0000000001110100 (  76)                 .FILL x0074
(3CC9) 0020  0000000000100000 (  76)                 .FILL x0020
(3CCA) 0066  0000000001100110 (  76)                 .FILL x0066
(3CCB) 0069  0000000001101001 (  76)                 .FILL x0069
(3CCC) 006E  0000000001101110 (  76)                 .FILL x006E
(3CCD) 0064  0000000001100100 (  76)                 .FILL x0064
(3CCE) 0020  0000000000100000 (  76)                 .FILL x0020
(3CCF) 0061  0000000001100001 (  76)                 .FILL x0061
(3CD0) 006E  0000000001101110 (  76)                 .FILL x006E
(3CD1) 006F  0000000001101111 (  76)                 .FILL x006F
(3CD2) 0074  0000000001110100 (  76)                 .FILL x0074
(3CD3) 0068  0000000001101000 (  76)                 .FILL x0068
(3CD4) 0065  0000000001100101 (  76)                 .FILL x0065
(3CD5) 0072  0000000001110010 (  76)                 .FILL x0072
(3CD6) 0020  0000000000100000 (  76)                 .FILL x0020
(3CD7) 0073  0000000001110011 (  76)                 .FILL x0073
(3CD8) 006F  0000000001101111 (  76)                 .FILL x006F
(3CD9) 006C  0000000001101100 (  76)                 .FILL x006C
(3CDA) 0075  0000000001110101 (  76)                 .FILL x0075
(3CDB) 0074  0000000001110100 (  76)                 .FILL x0074
(3CDC) 0069  0000000001101001 (  76)                 .FILL x0069
(3CDD) 006F  0000000001101111 (  76)                 .FILL x006F
(3CDE) 006E  0000000001101110 (  76)                 .FILL x006E
(3CDF) 0020  0000000000100000 (  76)                 .FILL x0020
(3CE0) 0066  0000000001100110 (  76)                 .FILL x0066
(3CE1) 006F  0000000001101111 (  76)                 .FILL x006F
(3CE2) 0072  0000000001110010 (  76)                 .FILL x0072
(3CE3) 0020  0000000000100000 (  76)                 .FILL x0020
(3CE4) 0074  0000000001110100 (  76)                 .FILL x0074
(3CE5) 0068  0000000001101000 (  76)                 .FILL x0068
(3CE6) 0069  0000000001101001 (  76)                 .FILL x0069
(3CE7) 0073  0000000001110011 (  76)                 .FILL x0073
(3CE8) 0020  0000000000100000 (  76)                 .FILL x0020
(3CE9) 006D  0000000001101101 (  76)                 .FILL x006D
(3CEA) 0061  0000000001100001 (  76)                 .FILL x0061
(3CEB) 007A  0000000001111010 (  76)                 .FILL x007A
(3CEC) 0065  0000000001100101 (  76)                 .FILL x0065
(3CED) 002E  0000000000101110 (  76)                 .FILL x002E
(3CEE) 0000  0000000000000000 (  76)                 .FILL x0000
(3CEF) 004F  0000000001001111 (  77) MSG6            .FILL x004F
(3CF0) 0048  0000000001001000 (  77)                 .FILL x0048
(3CF1) 0020  0000000000100000 (  77)                 .FILL x0020
(3CF2) 004E  0000000001001110 (  77)                 .FILL x004E
(3CF3) 004F  0000000001001111 (  77)                 .FILL x004F
(3CF4) 0021  0000000000100001 (  77)                 .FILL x0021
(3CF5) 0020  0000000000100000 (  77)                 .FILL x0020
(3CF6) 0049  0000000001001001 (  77)                 .FILL x0049
(3CF7) 0074  0000000001110100 (  77)                 .FILL x0074
(3CF8) 0020  0000000000100000 (  77)                 .FILL x0020
(3CF9) 0073  0000000001110011 (  77)                 .FILL x0073
(3CFA) 0065  0000000001100101 (  77)                 .FILL x0065
(3CFB) 0065  0000000001100101 (  77)                 .FILL x0065
(3CFC) 006D  0000000001101101 (  77)                 .FILL x006D
(3CFD) 0073  0000000001110011 (  77)                 .FILL x0073
(3CFE) 0020  0000000000100000 (  77)                 .FILL x0020
(3CFF) 0074  0000000001110100 (  77)                 .FILL x0074
(3D00) 0068  0000000001101000 (  77)                 .FILL x0068
(3D01) 0065  0000000001100101 (  77)                 .FILL x0065
(3D02) 0020  0000000000100000 (  77)                 .FILL x0020
(3D03) 006D  0000000001101101 (  77)                 .FILL x006D
(3D04) 006F  0000000001101111 (  77)                 .FILL x006F
(3D05) 0075  0000000001110101 (  77)                 .FILL x0075
(3D06) 0073  0000000001110011 (  77)                 .FILL x0073
(3D07) 0065  0000000001100101 (  77)                 .FILL x0065
(3D08) 0020  0000000000100000 (  77)                 .FILL x0020
(3D09) 0068  0000000001101000 (  77)                 .FILL x0068
(3D0A) 0061  0000000001100001 (  77)                 .FILL x0061
(3D0B) 0073  0000000001110011 (  77)                 .FILL x0073
(3D0C) 0020  0000000000100000 (  77)                 .FILL x0020
(3D0D) 006E  0000000001101110 (  77)                 .FILL x006E
(3D0E) 006F  0000000001101111 (  77)                 .FILL x006F
(3D0F) 0020  0000000000100000 (  77)                 .FILL x0020
(3D10) 006C  0000000001101100 (  77)                 .FILL x006C
(3D11) 0075  0000000001110101 (  77)                 .FILL x0075
(3D12) 0063  0000000001100011 (  77)                 .FILL x0063
(3D13) 006B  0000000001101011 (  77)                 .FILL x006B
(3D14) 0020  0000000000100000 (  77)                 .FILL x0020
(3D15) 0069  0000000001101001 (  77)                 .FILL x0069
(3D16) 006E  0000000001101110 (  77)                 .FILL x006E
(3D17) 0020  0000000000100000 (  77)                 .FILL x0020
(3D18) 0074  0000000001110100 (  77)                 .FILL x0074
(3D19) 0068  0000000001101000 (  77)                 .FILL x0068
(3D1A) 0069  0000000001101001 (  77)                 .FILL x0069
(3D1B) 0073  0000000001110011 (  77)                 .FILL x0073
(3D1C) 0020  0000000000100000 (  77)                 .FILL x0020
(3D1D) 006D  0000000001101101 (  77)                 .FILL x006D
(3D1E) 0061  0000000001100001 (  77)                 .FILL x0061
(3D1F) 007A  0000000001111010 (  77)                 .FILL x007A
(3D20) 0065  0000000001100101 (  77)                 .FILL x0065
(3D21) 002E  0000000000101110 (  77)                 .FILL x002E
(3D22) 0000  0000000000000000 (  77)                 .FILL x0000
(3D23) 1DB9  0001110110111001 (  83) SolveMaze       ADD   R6 R6 #-7
(3D24) 7380  0111001110000000 (  86)                 STR   R1 R6 #0
(3D25) 7581  0111010110000001 (  87)                 STR   R2 R6 #1
(3D26) 7782  0111011110000010 (  88)                 STR   R3 R6 #2
(3D27) 7983  0111100110000011 (  89)                 STR   R4 R6 #3
(3D28) 7B84  0111101110000100 (  90)                 STR   R5 R6 #4
(3D29) 7F85  0111111110000101 (  91)                 STR   R7 R6 #5
(3D2A) 5B60  0101101101100000 (  93)                 AND   R5 R5 #0
(3D2B) 7B86  0111101110000110 (  94)                 STR   R5 R6 #6
(3D2C) 6787  0110011110000111 (  96)                 LDR   R3 R6 #7
(3D2D) 6988  0110100110001000 (  97)                 LDR   R4 R6 #8
(3D2E) 6389  0110001110001001 (  98)                 LDR   R1 R6 #9
(3D2F) 658A  0110010110001010 (  99)                 LDR   R2 R6 #10
(3D30) 1A60  0001101001100000 ( 120)                 ADD   R5 R1 #0
(3D31) 9B7F  1001101101111111 ( 121)                 NOT   R5 R5
(3D32) 1B61  0001101101100001 ( 122)                 ADD   R5 R5 #1
(3D33) 1B05  0001101100000101 ( 123)                 ADD   R5 R4 R5
(3D34) 1B7F  0001101101111111 ( 124)                 ADD   R5 R5 #-1
(3D35) 0A3D  0000101000111101 ( 125)                 BRNP  CheckStar
(3D36) 1AA0  0001101010100000 ( 128)                 ADD   R5 R2 #0
(3D37) 9B7F  1001101101111111 ( 129)                 NOT   R5 R5
(3D38) 1B61  0001101101100001 ( 130)                 ADD   R5 R5 #1
(3D39) 1B05  0001101100000101 ( 131)                 ADD   R5 R4 R5
(3D3A) 1B7F  0001101101111111 ( 132)                 ADD   R5 R5 #-1
(3D3B) 0A37  0000101000110111 ( 133)                 BRNP  CheckStar
(3D3C) 16C2  0001011011000010 ( 139)                 ADD   R3 R3 R2
(3D3D) 79BE  0111100110111110 ( 141)                 STR   R4 R6 #-2
(3D3E) 73BF  0111001110111111 ( 142)                 STR   R1 R6 #-1
(3D3F) 1DBE  0001110110111110 ( 143)                 ADD   R6 R6 #-2
(3D40) 2AC3  0010101011000011 ( 144)                 LD    R5 SolveMaze_Mul
(3D41) 4140  0100000101000000 ( 145)                 JSRR  R5
(3D42) 1DA2  0001110110100010 ( 146)                 ADD   R6 R6 #2
(3D43) 16C0  0001011011000000 ( 147)                 ADD   R3 R3 R0
(3D44) 2AC1  0010101011000001 ( 149)                 LD    R5 SolveMaze_StarASCII
(3D45) 7AC0  0111101011000000 ( 150)                 STR   R5 R3 #0
(3D46) E0C5  1110000011000101 ( 153)                 LEA   R0 MSG7
(3D47) F022  1111000000100010 ( 154)                 TRAP  x22
(3D48) 5020  0101000000100000 ( 155)                 AND   R0 R0 #0
(3D49) 102A  0001000000101010 ( 156)                 ADD   R0 R0 #10
(3D4A) F021  1111000000100001 ( 157)                 TRAP  x21
(3D4B) 6787  0110011110000111 ( 161)                 LDR   R3 R6 #7
(3D4C) 77BE  0111011110111110 ( 162)                 STR   R3 R6 #-2
(3D4D) 79BF  0111100110111111 ( 163)                 STR   R4 R6 #-1
(3D4E) 1DBE  0001110110111110 ( 164)                 ADD   R6 R6 #-2
(3D4F) 2AB5  0010101010110101 ( 165)                 LD    R5 SolveMaze_PrintMatrix
(3D50) 4140  0100000101000000 ( 166)                 JSRR  R5
(3D51) 1DA2  0001110110100010 ( 167)                 ADD   R6 R6 #2
(3D52) E0E0  1110000011100000 ( 172)                 LEA   R0 MSG8
(3D53) F022  1111000000100010 ( 173)                 TRAP  x22
(3D54) F020  1111000000100000 ( 175)                 TRAP  x20
(3D55) F021  1111000000100001 ( 176)                 TRAP  x21
(3D56) 1A20  0001101000100000 ( 177)                 ADD   R5 R0 #0
(3D57) F020  1111000000100000 ( 180)                 TRAP  x20
(3D58) F021  1111000000100001 ( 181)                 TRAP  x21
(3D59) 1160  0001000101100000 ( 182)                 ADD   R0 R5 #0
(3D5A) 2AAD  0010101010101101 ( 185)                 LD    R5 Minus_Y
(3D5B) 1A05  0001101000000101 ( 186)                 ADD   R5 R0 R5
(3D5C) 0409  0000010000001001 ( 187)                 BRZ   EnteredYes
(3D5D) 2AAB  0010101010101011 ( 188)                 LD    R5 Minus_y
(3D5E) 1A05  0001101000000101 ( 189)                 ADD   R5 R0 R5
(3D5F) 0406  0000010000000110 ( 190)                 BRZ   EnteredYes
(3D60) 2AA9  0010101010101001 ( 193)                 LD    R5 Minus_N
(3D61) 1A05  0001101000000101 ( 194)                 ADD   R5 R0 R5
(3D62) 040F  0000010000001111 ( 195)                 BRZ   EnteredNo
(3D63) 2AA7  0010101010100111 ( 196)                 LD    R5 Minus_n
(3D64) 1A05  0001101000000101 ( 197)                 ADD   R5 R0 R5
(3D65) 040C  0000010000001100 ( 198)                 BRZ   EnteredNo
(3D66) 16C2  0001011011000010 ( 206) EnteredYes      ADD   R3 R3 R2
(3D67) 79BE  0111100110111110 ( 208)                 STR   R4 R6 #-2
(3D68) 73BF  0111001110111111 ( 209)                 STR   R1 R6 #-1
(3D69) 1DBE  0001110110111110 ( 210)                 ADD   R6 R6 #-2
(3D6A) 2A99  0010101010011001 ( 211)                 LD    R5 SolveMaze_Mul
(3D6B) 4140  0100000101000000 ( 212)                 JSRR  R5
(3D6C) 1DA2  0001110110100010 ( 213)                 ADD   R6 R6 #2
(3D6D) 16C0  0001011011000000 ( 214)                 ADD   R3 R3 R0
(3D6E) 5B60  0101101101100000 ( 216)                 AND   R5 R5 #0
(3D6F) 1B61  0001101101100001 ( 217)                 ADD   R5 R5 #1
(3D70) 7AC0  0111101011000000 ( 218)                 STR   R5 R3 #0
(3D71) 0E84  0000111010000100 ( 219)                 BRNZP RETURN_Two_SolveMaze
(3D72) 0E86  0000111010000110 ( 224) EnteredNo       BRNZP RETURN_MinusOne_SolveMaze
(3D73) 6787  0110011110000111 ( 232) CheckStar       LDR   R3 R6 #7
(3D74) 16C2  0001011011000010 ( 233)                 ADD   R3 R3 R2
(3D75) 79BE  0111100110111110 ( 235)                 STR   R4 R6 #-2
(3D76) 73BF  0111001110111111 ( 236)                 STR   R1 R6 #-1
(3D77) 1DBE  0001110110111110 ( 237)                 ADD   R6 R6 #-2
(3D78) 2A8B  0010101010001011 ( 238)                 LD    R5 SolveMaze_Mul
(3D79) 4140  0100000101000000 ( 239)                 JSRR  R5
(3D7A) 1DA2  0001110110100010 ( 240)                 ADD   R6 R6 #2
(3D7B) 16C0  0001011011000000 ( 241)                 ADD   R3 R3 R0
(3D7C) 208A  0010000010001010 ( 243)                 LD    R0 SolveMaze_MinusStarASCII
(3D7D) 6AC0  0110101011000000 ( 244)                 LDR   R5 R3 #0
(3D7E) 1B40  0001101101000000 ( 245)                 ADD   R5 R5 R0
(3D7F) 0471  0000010001110001 ( 246)                 BRZ   RETURN_Zero_SolveMaze
(3D80) 6787  0110011110000111 ( 253) CheckIsItSafe   LDR   R3 R6 #7
(3D81) 77BC  0111011110111100 ( 255)                 STR   R3 R6 #-4
(3D82) 79BD  0111100110111101 ( 256)                 STR   R4 R6 #-3
(3D83) 73BE  0111001110111110 ( 257)                 STR   R1 R6 #-2
(3D84) 75BF  0111010110111111 ( 258)                 STR   R2 R6 #-1
(3D85) 1DBC  0001110110111100 ( 259)                 ADD   R6 R6 #-4
(3D86) 48D5  0100100011010101 ( 260)                 JSR   IsItSafe
(3D87) 1DA4  0001110110100100 ( 261)                 ADD   R6 R6 #4
(3D88) 1020  0001000000100000 ( 263)                 ADD   R0 R0 #0
(3D89) 0467  0000010001100111 ( 264)                 BRZ   RETURN_Zero_SolveMaze
(3D8A) 6787  0110011110000111 ( 270)                 LDR   R3 R6 #7
(3D8B) 16C2  0001011011000010 ( 271)                 ADD   R3 R3 R2
(3D8C) 79BE  0111100110111110 ( 273)                 STR   R4 R6 #-2
(3D8D) 73BF  0111001110111111 ( 274)                 STR   R1 R6 #-1
(3D8E) 1DBE  0001110110111110 ( 275)                 ADD   R6 R6 #-2
(3D8F) 2A74  0010101001110100 ( 276)                 LD    R5 SolveMaze_Mul
(3D90) 4140  0100000101000000 ( 277)                 JSRR  R5
(3D91) 1DA2  0001110110100010 ( 278)                 ADD   R6 R6 #2
(3D92) 16C0  0001011011000000 ( 279)                 ADD   R3 R3 R0
(3D93) 2A72  0010101001110010 ( 282)                 LD    R5 SolveMaze_StarASCII
(3D94) 7AC0  0111101011000000 ( 283)                 STR   R5 R3 #0
(3D95) 6787  0110011110000111 ( 292) RightCell       LDR   R3 R6 #7
(3D96) 14A1  0001010010100001 ( 293)                 ADD   R2 R2 #1
(3D97) 77BC  0111011110111100 ( 295)                 STR   R3 R6 #-4
(3D98) 79BD  0111100110111101 ( 296)                 STR   R4 R6 #-3
(3D99) 73BE  0111001110111110 ( 297)                 STR   R1 R6 #-2
(3D9A) 75BF  0111010110111111 ( 298)                 STR   R2 R6 #-1
(3D9B) 1DBC  0001110110111100 ( 299)                 ADD   R6 R6 #-4
(3D9C) 4F86  0100111110000110 ( 300)                 JSR   SolveMaze
(3D9D) 1DA4  0001110110100100 ( 301)                 ADD   R6 R6 #4
(3D9E) 14BF  0001010010111111 ( 302)                 ADD   R2 R2 #-1
(3D9F) 1020  0001000000100000 ( 303)                 ADD   R0 R0 #0
(3DA0) 0858  0000100001011000 ( 304)                 BRN   RETURN_MinusOne_SolveMaze
(3DA1) 0405  0000010000000101 ( 305)                 BRZ   DownCell
(3DA2) 1A3F  0001101000111111 ( 307)                 ADD   R5 R0 #-1
(3DA3) 044F  0000010001001111 ( 308)                 BRZ   RETURN_One_SolveMaze
(3DA4) 5B60  0101101101100000 ( 310)                 AND   R5 R5 #0
(3DA5) 1B62  0001101101100010 ( 311)                 ADD   R5 R5 #2
(3DA6) 7B86  0111101110000110 ( 312)                 STR   R5 R6 #6
(3DA7) 6787  0110011110000111 ( 321) DownCell        LDR   R3 R6 #7
(3DA8) 1261  0001001001100001 ( 322)                 ADD   R1 R1 #1
(3DA9) 77BC  0111011110111100 ( 324)                 STR   R3 R6 #-4
(3DAA) 79BD  0111100110111101 ( 325)                 STR   R4 R6 #-3
(3DAB) 73BE  0111001110111110 ( 326)                 STR   R1 R6 #-2
(3DAC) 75BF  0111010110111111 ( 327)                 STR   R2 R6 #-1
(3DAD) 1DBC  0001110110111100 ( 328)                 ADD   R6 R6 #-4
(3DAE) 4F74  0100111101110100 ( 329)                 JSR   SolveMaze
(3DAF) 1DA4  0001110110100100 ( 330)                 ADD   R6 R6 #4
(3DB0) 127F  0001001001111111 ( 331)                 ADD   R1 R1 #-1
(3DB1) 1020  0001000000100000 ( 332)                 ADD   R0 R0 #0
(3DB2) 0846  0000100001000110 ( 333)                 BRN   RETURN_MinusOne_SolveMaze
(3DB3) 0405  0000010000000101 ( 334)                 BRZ   UpCell
(3DB4) 1A3F  0001101000111111 ( 336)                 ADD   R5 R0 #-1
(3DB5) 043D  0000010000111101 ( 337)                 BRZ   RETURN_One_SolveMaze
(3DB6) 5B60  0101101101100000 ( 339)                 AND   R5 R5 #0
(3DB7) 1B62  0001101101100010 ( 340)                 ADD   R5 R5 #2
(3DB8) 7B86  0111101110000110 ( 341)                 STR   R5 R6 #6
(3DB9) 6787  0110011110000111 ( 349) UpCell          LDR   R3 R6 #7
(3DBA) 127F  0001001001111111 ( 350)                 ADD   R1 R1 #-1
(3DBB) 77BC  0111011110111100 ( 352)                 STR   R3 R6 #-4
(3DBC) 79BD  0111100110111101 ( 353)                 STR   R4 R6 #-3
(3DBD) 73BE  0111001110111110 ( 354)                 STR   R1 R6 #-2
(3DBE) 75BF  0111010110111111 ( 355)                 STR   R2 R6 #-1
(3DBF) 1DBC  0001110110111100 ( 356)                 ADD   R6 R6 #-4
(3DC0) 4F62  0100111101100010 ( 357)                 JSR   SolveMaze
(3DC1) 1DA4  0001110110100100 ( 358)                 ADD   R6 R6 #4
(3DC2) 1261  0001001001100001 ( 359)                 ADD   R1 R1 #1
(3DC3) 1020  0001000000100000 ( 360)                 ADD   R0 R0 #0
(3DC4) 0834  0000100000110100 ( 361)                 BRN   RETURN_MinusOne_SolveMaze
(3DC5) 0405  0000010000000101 ( 362)                 BRZ   LeftCell
(3DC6) 1A3F  0001101000111111 ( 364)                 ADD   R5 R0 #-1
(3DC7) 042B  0000010000101011 ( 365)                 BRZ   RETURN_One_SolveMaze
(3DC8) 5B60  0101101101100000 ( 367)                 AND   R5 R5 #0
(3DC9) 1B62  0001101101100010 ( 368)                 ADD   R5 R5 #2
(3DCA) 7B86  0111101110000110 ( 369)                 STR   R5 R6 #6
(3DCB) 6787  0110011110000111 ( 378) LeftCell        LDR   R3 R6 #7
(3DCC) 14BF  0001010010111111 ( 379)                 ADD   R2 R2 #-1
(3DCD) 77BC  0111011110111100 ( 381)                 STR   R3 R6 #-4
(3DCE) 79BD  0111100110111101 ( 382)                 STR   R4 R6 #-3
(3DCF) 73BE  0111001110111110 ( 383)                 STR   R1 R6 #-2
(3DD0) 75BF  0111010110111111 ( 384)                 STR   R2 R6 #-1
(3DD1) 1DBC  0001110110111100 ( 385)                 ADD   R6 R6 #-4
(3DD2) 4F50  0100111101010000 ( 386)                 JSR   SolveMaze
(3DD3) 1DA4  0001110110100100 ( 387)                 ADD   R6 R6 #4
(3DD4) 14A1  0001010010100001 ( 388)                 ADD   R2 R2 #1
(3DD5) 1020  0001000000100000 ( 389)                 ADD   R0 R0 #0
(3DD6) 0822  0000100000100010 ( 390)                 BRN   RETURN_MinusOne_SolveMaze
(3DD7) 0405  0000010000000101 ( 391)                 BRZ   ConvertTheCellToOne
(3DD8) 1A3F  0001101000111111 ( 393)                 ADD   R5 R0 #-1
(3DD9) 0419  0000010000011001 ( 394)                 BRZ   RETURN_One_SolveMaze
(3DDA) 5B60  0101101101100000 ( 396)                 AND   R5 R5 #0
(3DDB) 1B62  0001101101100010 ( 397)                 ADD   R5 R5 #2
(3DDC) 7B86  0111101110000110 ( 398)                 STR   R5 R6 #6
(3DDD) 6787  0110011110000111 ( 404) ConvertTheCellToOne LDR   R3 R6 #7
(3DDE) 16C2  0001011011000010 ( 405)                 ADD   R3 R3 R2
(3DDF) 79BE  0111100110111110 ( 407)                 STR   R4 R6 #-2
(3DE0) 73BF  0111001110111111 ( 408)                 STR   R1 R6 #-1
(3DE1) 1DBE  0001110110111110 ( 409)                 ADD   R6 R6 #-2
(3DE2) 2A21  0010101000100001 ( 410)                 LD    R5 SolveMaze_Mul
(3DE3) 4140  0100000101000000 ( 411)                 JSRR  R5
(3DE4) 1DA2  0001110110100010 ( 412)                 ADD   R6 R6 #2
(3DE5) 16C0  0001011011000000 ( 413)                 ADD   R3 R3 R0
(3DE6) 5B60  0101101101100000 ( 416)                 AND   R5 R5 #0
(3DE7) 1B61  0001101101100001 ( 417)                 ADD   R5 R5 #1
(3DE8) 7AC0  0111101011000000 ( 418)                 STR   R5 R3 #0
(3DE9) 6B86  0110101110000110 ( 426)                 LDR   R5 R6 #6
(3DEA) 1B7E  0001101101111110 ( 427)                 ADD   R5 R5 #-2
(3DEB) 0A05  0000101000000101 ( 428)                 BRNP  RETURN_Zero_SolveMaze
(3DEC) 1260  0001001001100000 ( 429)                 ADD   R1 R1 #0
(3DED) 0A08  0000101000001000 ( 430)                 BRNP  RETURN_Two_SolveMaze
(3DEE) 14A0  0001010010100000 ( 431)                 ADD   R2 R2 #0
(3DEF) 0A06  0000101000000110 ( 432)                 BRNP  RETURN_Two_SolveMaze
(3DF0) 0E02  0000111000000010 ( 433)                 BRNZP RETURN_One_SolveMaze
(3DF1) 5020  0101000000100000 ( 437) RETURN_Zero_SolveMaze AND   R0 R0 #0
(3DF2) 0E09  0000111000001001 ( 438)                 BRNZP FinishSolveMaze
(3DF3) 5020  0101000000100000 ( 441) RETURN_One_SolveMaze AND   R0 R0 #0
(3DF4) 1021  0001000000100001 ( 442)                 ADD   R0 R0 #1
(3DF5) 0E06  0000111000000110 ( 443)                 BRNZP FinishSolveMaze
(3DF6) 5020  0101000000100000 ( 446) RETURN_Two_SolveMaze AND   R0 R0 #0
(3DF7) 1022  0001000000100010 ( 447)                 ADD   R0 R0 #2
(3DF8) 0E03  0000111000000011 ( 448)                 BRNZP FinishSolveMaze
(3DF9) 5020  0101000000100000 ( 451) RETURN_MinusOne_SolveMaze AND   R0 R0 #0
(3DFA) 103F  0001000000111111 ( 452)                 ADD   R0 R0 #-1
(3DFB) 0E00  0000111000000000 ( 453)                 BRNZP FinishSolveMaze
(3DFC) 6F85  0110111110000101 ( 457) FinishSolveMaze LDR   R7 R6 #5
(3DFD) 6B84  0110101110000100 ( 458)                 LDR   R5 R6 #4
(3DFE) 6983  0110100110000011 ( 459)                 LDR   R4 R6 #3
(3DFF) 6782  0110011110000010 ( 460)                 LDR   R3 R6 #2
(3E00) 6581  0110010110000001 ( 461)                 LDR   R2 R6 #1
(3E01) 6380  0110001110000000 ( 462)                 LDR   R1 R6 #0
(3E02) 1DA7  0001110110100111 ( 465)                 ADD   R6 R6 #7
(3E03) C1C0  1100000111000000 ( 468)                 RET   
(3E04) 3898  0011100010011000 ( 470) SolveMaze_Mul   .FILL x3898
(3E05) 3B54  0011101101010100 ( 471) SolveMaze_PrintMatrix .FILL x3B54
(3E06) 002A  0000000000101010 ( 472) SolveMaze_StarASCII .FILL x002A
(3E07) FFD6  1111111111010110 ( 473) SolveMaze_MinusStarASCII .FILL xFFD6
(3E08) FFA7  1111111110100111 ( 474) Minus_Y         .FILL xFFA7
(3E09) FF87  1111111110000111 ( 475) Minus_y         .FILL xFF87
(3E0A) FFB2  1111111110110010 ( 476) Minus_N         .FILL xFFB2
(3E0B) FF92  1111111110010010 ( 477) Minus_n         .FILL xFF92
(3E0C) 0059  0000000001011001 ( 478) MSG7            .FILL x0059
(3E0D) 0075  0000000001110101 ( 478)                 .FILL x0075
(3E0E) 006D  0000000001101101 ( 478)                 .FILL x006D
(3E0F) 006D  0000000001101101 ( 478)                 .FILL x006D
(3E10) 0079  0000000001111001 ( 478)                 .FILL x0079
(3E11) 0021  0000000000100001 ( 478)                 .FILL x0021
(3E12) 0020  0000000000100000 ( 478)                 .FILL x0020
(3E13) 0054  0000000001010100 ( 478)                 .FILL x0054
(3E14) 0068  0000000001101000 ( 478)                 .FILL x0068
(3E15) 0065  0000000001100101 ( 478)                 .FILL x0065
(3E16) 0020  0000000000100000 ( 478)                 .FILL x0020
(3E17) 006D  0000000001101101 ( 478)                 .FILL x006D
(3E18) 006F  0000000001101111 ( 478)                 .FILL x006F
(3E19) 0075  0000000001110101 ( 478)                 .FILL x0075
(3E1A) 0073  0000000001110011 ( 478)                 .FILL x0073
(3E1B) 0065  0000000001100101 ( 478)                 .FILL x0065
(3E1C) 0020  0000000000100000 ( 478)                 .FILL x0020
(3E1D) 0068  0000000001101000 ( 478)                 .FILL x0068
(3E1E) 0061  0000000001100001 ( 478)                 .FILL x0061
(3E1F) 0073  0000000001110011 ( 478)                 .FILL x0073
(3E20) 0020  0000000000100000 ( 478)                 .FILL x0020
(3E21) 0066  0000000001100110 ( 478)                 .FILL x0066
(3E22) 006F  0000000001101111 ( 478)                 .FILL x006F
(3E23) 0075  0000000001110101 ( 478)                 .FILL x0075
(3E24) 006E  0000000001101110 ( 478)                 .FILL x006E
(3E25) 0064  0000000001100100 ( 478)                 .FILL x0064
(3E26) 0020  0000000000100000 ( 478)                 .FILL x0020
(3E27) 0074  0000000001110100 ( 478)                 .FILL x0074
(3E28) 0068  0000000001101000 ( 478)                 .FILL x0068
(3E29) 0065  0000000001100101 ( 478)                 .FILL x0065
(3E2A) 0020  0000000000100000 ( 478)                 .FILL x0020
(3E2B) 0063  0000000001100011 ( 478)                 .FILL x0063
(3E2C) 0068  0000000001101000 ( 478)                 .FILL x0068
(3E2D) 0065  0000000001100101 ( 478)                 .FILL x0065
(3E2E) 0065  0000000001100101 ( 478)                 .FILL x0065
(3E2F) 0073  0000000001110011 ( 478)                 .FILL x0073
(3E30) 0065  0000000001100101 ( 478)                 .FILL x0065
(3E31) 0021  0000000000100001 ( 478)                 .FILL x0021
(3E32) 0000  0000000000000000 ( 478)                 .FILL x0000
(3E33) 0057  0000000001010111 ( 479) MSG8            .FILL x0057
(3E34) 006F  0000000001101111 ( 479)                 .FILL x006F
(3E35) 0075  0000000001110101 ( 479)                 .FILL x0075
(3E36) 006C  0000000001101100 ( 479)                 .FILL x006C
(3E37) 0064  0000000001100100 ( 479)                 .FILL x0064
(3E38) 0020  0000000000100000 ( 479)                 .FILL x0020
(3E39) 0079  0000000001111001 ( 479)                 .FILL x0079
(3E3A) 006F  0000000001101111 ( 479)                 .FILL x006F
(3E3B) 0075  0000000001110101 ( 479)                 .FILL x0075
(3E3C) 0020  0000000000100000 ( 479)                 .FILL x0020
(3E3D) 006C  0000000001101100 ( 479)                 .FILL x006C
(3E3E) 0069  0000000001101001 ( 479)                 .FILL x0069
(3E3F) 006B  0000000001101011 ( 479)                 .FILL x006B
(3E40) 0065  0000000001100101 ( 479)                 .FILL x0065
(3E41) 0020  0000000000100000 ( 479)                 .FILL x0020
(3E42) 0074  0000000001110100 ( 479)                 .FILL x0074
(3E43) 006F  0000000001101111 ( 479)                 .FILL x006F
(3E44) 0020  0000000000100000 ( 479)                 .FILL x0020
(3E45) 0073  0000000001110011 ( 479)                 .FILL x0073
(3E46) 0065  0000000001100101 ( 479)                 .FILL x0065
(3E47) 0065  0000000001100101 ( 479)                 .FILL x0065
(3E48) 0020  0000000000100000 ( 479)                 .FILL x0020
(3E49) 0061  0000000001100001 ( 479)                 .FILL x0061
(3E4A) 006E  0000000001101110 ( 479)                 .FILL x006E
(3E4B) 006F  0000000001101111 ( 479)                 .FILL x006F
(3E4C) 0074  0000000001110100 ( 479)                 .FILL x0074
(3E4D) 0068  0000000001101000 ( 479)                 .FILL x0068
(3E4E) 0065  0000000001100101 ( 479)                 .FILL x0065
(3E4F) 0072  0000000001110010 ( 479)                 .FILL x0072
(3E50) 0020  0000000000100000 ( 479)                 .FILL x0020
(3E51) 0073  0000000001110011 ( 479)                 .FILL x0073
(3E52) 006F  0000000001101111 ( 479)                 .FILL x006F
(3E53) 006C  0000000001101100 ( 479)                 .FILL x006C
(3E54) 0075  0000000001110101 ( 479)                 .FILL x0075
(3E55) 0074  0000000001110100 ( 479)                 .FILL x0074
(3E56) 0069  0000000001101001 ( 479)                 .FILL x0069
(3E57) 006F  0000000001101111 ( 479)                 .FILL x006F
(3E58) 006E  0000000001101110 ( 479)                 .FILL x006E
(3E59) 003F  0000000000111111 ( 479)                 .FILL x003F
(3E5A) 0020  0000000000100000 ( 479)                 .FILL x0020
(3E5B) 0000  0000000000000000 ( 479)                 .FILL x0000
(3E5C) 1DBA  0001110110111010 ( 486) IsItSafe        ADD   R6 R6 #-6
(3E5D) 7380  0111001110000000 ( 489)                 STR   R1 R6 #0
(3E5E) 7581  0111010110000001 ( 490)                 STR   R2 R6 #1
(3E5F) 7782  0111011110000010 ( 491)                 STR   R3 R6 #2
(3E60) 7983  0111100110000011 ( 492)                 STR   R4 R6 #3
(3E61) 7B84  0111101110000100 ( 493)                 STR   R5 R6 #4
(3E62) 7F85  0111111110000101 ( 494)                 STR   R7 R6 #5
(3E63) 6786  0110011110000110 ( 496)                 LDR   R3 R6 #6
(3E64) 6987  0110100110000111 ( 497)                 LDR   R4 R6 #7
(3E65) 6388  0110001110001000 ( 498)                 LDR   R1 R6 #8
(3E66) 6589  0110010110001001 ( 499)                 LDR   R2 R6 #9
(3E67) 1260  0001001001100000 ( 508)                 ADD   R1 R1 #0
(3E68) 081A  0000100000011010 ( 509)                 BRN   RETURN_Zero_IsItSafe
(3E69) 1A60  0001101001100000 ( 512)                 ADD   R5 R1 #0
(3E6A) 9B7F  1001101101111111 ( 513)                 NOT   R5 R5
(3E6B) 1B61  0001101101100001 ( 514)                 ADD   R5 R5 #1
(3E6C) 1B05  0001101100000101 ( 515)                 ADD   R5 R4 R5
(3E6D) 0C15  0000110000010101 ( 516)                 BRNZ  RETURN_Zero_IsItSafe
(3E6E) 14A0  0001010010100000 ( 519)                 ADD   R2 R2 #0
(3E6F) 0813  0000100000010011 ( 520)                 BRN   RETURN_Zero_IsItSafe
(3E70) 1AA0  0001101010100000 ( 523)                 ADD   R5 R2 #0
(3E71) 9B7F  1001101101111111 ( 524)                 NOT   R5 R5
(3E72) 1B61  0001101101100001 ( 525)                 ADD   R5 R5 #1
(3E73) 1B05  0001101100000101 ( 526)                 ADD   R5 R4 R5
(3E74) 0C0E  0000110000001110 ( 527)                 BRNZ  RETURN_Zero_IsItSafe
(3E75) 16C2  0001011011000010 ( 530)                 ADD   R3 R3 R2
(3E76) 79BE  0111100110111110 ( 532)                 STR   R4 R6 #-2
(3E77) 73BF  0111001110111111 ( 533)                 STR   R1 R6 #-1
(3E78) 1DBE  0001110110111110 ( 534)                 ADD   R6 R6 #-2
(3E79) 2A12  0010101000010010 ( 535)                 LD    R5 IsItSafe_Mul
(3E7A) 4140  0100000101000000 ( 536)                 JSRR  R5
(3E7B) 1DA2  0001110110100010 ( 537)                 ADD   R6 R6 #2
(3E7C) 16C0  0001011011000000 ( 538)                 ADD   R3 R3 R0
(3E7D) 6AC0  0110101011000000 ( 540)                 LDR   R5 R3 #0
(3E7E) 1B7F  0001101101111111 ( 541)                 ADD   R5 R5 #-1
(3E7F) 0A03  0000101000000011 ( 542)                 BRNP  RETURN_Zero_IsItSafe
(3E80) 5020  0101000000100000 ( 545)                 AND   R0 R0 #0
(3E81) 1021  0001000000100001 ( 546)                 ADD   R0 R0 #1
(3E82) 0E01  0000111000000001 ( 547)                 BRNZP FinishIsItSafe
(3E83) 5020  0101000000100000 ( 551) RETURN_Zero_IsItSafe AND   R0 R0 #0
(3E84) 6F85  0110111110000101 ( 555) FinishIsItSafe  LDR   R7 R6 #5
(3E85) 6B84  0110101110000100 ( 556)                 LDR   R5 R6 #4
(3E86) 6983  0110100110000011 ( 557)                 LDR   R4 R6 #3
(3E87) 6782  0110011110000010 ( 558)                 LDR   R3 R6 #2
(3E88) 6581  0110010110000001 ( 559)                 LDR   R2 R6 #1
(3E89) 6380  0110001110000000 ( 560)                 LDR   R1 R6 #0
(3E8A) 1DA6  0001110110100110 ( 563)                 ADD   R6 R6 #6
(3E8B) C1C0  1100000111000000 ( 565)                 RET   
(3E8C) 3898  0011100010011000 ( 567) IsItSafe_Mul    .FILL x3898
